<?xml version="1.0" encoding="UTF-8"?>
<!-- Generated by org.testng.reporters.JUnitReportReporter -->
<testsuite skipped="0" hostname="DESKTOP-AE9M4KJ" name="qaclickacademy.RestAPITest" tests="2" failures="0" timestamp="22 Aug 2019 22:50:12 GMT" time="0.000" errors="0">
  <testcase name="Postjira" time="0.000" classname="qaclickacademy.RestAPITest"/>
  <testcase name="Deletetwitter" time="0.000" classname="qaclickacademy.RestAPITest"/>
</testsuite> <!-- qaclickacademy.RestAPITest -->
