<?xml version="1.0" encoding="UTF-8"?>
<!-- Generated by org.testng.reporters.JUnitReportReporter -->
<testsuite skipped="0" hostname="DESKTOP-AE9M4KJ" name="qaclickacademy.SeleniumTest" tests="2" failures="0" timestamp="22 Aug 2019 22:50:12 GMT" time="0.006" errors="0">
  <testcase name="BrowserExe" time="0.006" classname="qaclickacademy.SeleniumTest"/>
  <testcase name="ElementUI" time="0.000" classname="qaclickacademy.SeleniumTest"/>
</testsuite> <!-- qaclickacademy.SeleniumTest -->
