<?xml version="1.0" encoding="UTF-8"?>
<!-- Generated by org.testng.reporters.JUnitReportReporter -->
<testsuite skipped="0" hostname="DESKTOP-AE9M4KJ" name="qaclickacademy.AppiumTest" tests="3" failures="0" timestamp="22 Aug 2019 22:50:12 GMT" time="0.000" errors="0">
  <testcase name="NativeAPI" time="0.000" classname="qaclickacademy.AppiumTest"/>
  <testcase name="Mobileapp" time="0.000" classname="qaclickacademy.AppiumTest"/>
  <testcase name="IOSApp" time="0.000" classname="qaclickacademy.AppiumTest"/>
</testsuite> <!-- qaclickacademy.AppiumTest -->
